Feb 18, 2025 3:48:12 PM liquibase.changelog
INFO: Reading resource: db/changelog/migrations/db.changelog-202502121341.sql
Feb 18, 2025 3:48:13 PM liquibase.changelog
INFO: Reading from Board.databasechangelog
Feb 18, 2025 3:48:13 PM liquibase.changelog
INFO: Reading resource: db/changelog/migrations/db.changelog-202502121423.sql
Feb 18, 2025 3:48:13 PM liquibase.changelog
INFO: Reading resource: db/changelog/migrations/db.changelog-202502121427.sql
Feb 18, 2025 3:48:13 PM liquibase.changelog
INFO: Reading resource: db/changelog/migrations/db.changelog-202502121429.sql
Feb 18, 2025 3:48:13 PM liquibase.changelog
INFO: Reading resource: db/changelog/migrations/db.changelog-202502181545.sql
Feb 18, 2025 3:48:13 PM liquibase.lockservice
INFO: Successfully acquired change log lock
Feb 18, 2025 3:48:13 PM liquibase.command
INFO: Using deploymentId: 9904492668
Feb 18, 2025 3:48:13 PM liquibase.changelog
INFO: Reading from Board.databasechangelog
Running Changeset: db/changelog/migrations/db.changelog-202502181545.sql::202502121429::thiago
Feb 18, 2025 3:48:13 PM liquibase.changelog
INFO: Custom SQL executed
Feb 18, 2025 3:48:13 PM liquibase.changelog
INFO: ChangeSet db/changelog/migrations/db.changelog-202502181545.sql::202502121429::thiago ran successfully in 38ms

UPDATE SUMMARY
Run:                          1
Previously run:               4
Filtered out:                 0
-------------------------------
Total change sets:            5

Feb 18, 2025 3:48:13 PM liquibase.util
INFO: UPDATE SUMMARY
Feb 18, 2025 3:48:13 PM liquibase.util
INFO: Run:                          1
Feb 18, 2025 3:48:13 PM liquibase.util
INFO: Previously run:               4
Feb 18, 2025 3:48:13 PM liquibase.util
INFO: Filtered out:                 0
Feb 18, 2025 3:48:13 PM liquibase.util
INFO: -------------------------------
Feb 18, 2025 3:48:13 PM liquibase.util
INFO: Total change sets:            5
Feb 18, 2025 3:48:13 PM liquibase.util
INFO: Update summary generated
Feb 18, 2025 3:48:13 PM liquibase.command
INFO: Update command completed successfully.
Liquibase: Update has been successful. Rows affected: 1
Feb 18, 2025 3:48:13 PM liquibase.lockservice
INFO: Successfully released change log lock
Feb 18, 2025 3:48:13 PM liquibase.command
INFO: Command execution complete
